<?xml version="1.0" encoding="UTF-8"?>
<!-- Generated by org.testng.reporters.JUnitReportReporter -->
<testsuite hostname="DESKTOP-7CGUEII" failures="0" tests="2" name="com.capstone.AadharCitizen" time="12.088" errors="0" timestamp="2022-10-14T00:18:40 IST" skipped="0">
  <testcase classname="com.capstone.AadharCitizen" name="ChromeBrowser" time="1.997"/>
  <system-out/>
  <testcase classname="com.capstone.AadharCitizen" name="CitizenCheck" time="10.091"/>
  <system-out/>
</testsuite> <!-- com.capstone.AadharCitizen -->
