<?xml version="1.0" encoding="UTF-8"?>
<!-- Generated by org.testng.reporters.JUnitReportReporter -->
<testsuite hostname="DESKTOP-7CGUEII" failures="0" tests="2" name="com.capstone.AadharRegister" time="8.610" errors="0" timestamp="2022-10-14T00:18:40 IST" skipped="0">
  <testcase classname="com.capstone.AadharRegister" name="ChromeBrowser" time="0.999"/>
  <system-out/>
  <testcase classname="com.capstone.AadharRegister" name="TestHome" time="7.611"/>
  <system-out/>
</testsuite> <!-- com.capstone.AadharRegister -->
